<?xml version="1.0" encoding="UTF-8"?>
<!-- Generated by org.testng.reporters.JUnitReportReporter -->
<testsuite hostname="sudheer-PC" failures="0" tests="2" name="com.PWB_QA.testcasescripts.LoginPageTest" time="4.316" errors="0" timestamp="23 Aug 2018 14:28:30 GMT" skipped="0">
  <testcase classname="com.PWB_QA.testcasescripts.LoginPageTest" name="loginPageTitleTest" time="0.042"/>
  <testcase classname="com.PWB_QA.testcasescripts.LoginPageTest" name="LoginTest" time="4.274"/>
</testsuite> <!-- com.PWB_QA.testcasescripts.LoginPageTest -->
