<?xml version="1.0" encoding="UTF-8"?>
<!-- Generated by org.testng.reporters.JUnitReportReporter -->
<testsuite hostname="sudheer-PC" failures="0" tests="2" name="com.OHRMS.testcasescripts.LoginPageTest" time="2.458" errors="0" timestamp="23 Apr 2018 11:52:57 GMT" skipped="0">
  <testcase classname="com.OHRMS.testcasescripts.LoginPageTest" name="loginPageTitleTest" time="0.022"/>
  <testcase classname="com.OHRMS.testcasescripts.LoginPageTest" name="LoginTest" time="2.436"/>
</testsuite> <!-- com.OHRMS.testcasescripts.LoginPageTest -->
